## Footprint report - date 2020.12.11. 13:12:11
## Created by Pcbnew version pcbnew (5.1.5)-3
## Unit = mm, Angle = deg.

$BeginDESCRIPTION

$BOARD
upper_left_corner 116.179999 72.712500
lower_right_corner 156.235001 92.100001
$EndBOARD

$MODULE "C1"
reference "C1"
value "22uF"
footprint "Capacitor_SMD:C_0603_1608Metric_Pad1.05x0.95mm_HandSolder"
attribut smd
position 130.415000 80.010000  orientation 180.00
layer front
$PAD "1"
Shape Roundrect Layer front
position -0.875000  0.000000  size  1.050000  0.950000  orientation 0.00
drill  0.000000
shape_offset  0.000000  0.000000
$EndPAD
$PAD "2"
Shape Roundrect Layer front
position  0.875000  0.000000  size  1.050000  0.950000  orientation 0.00
drill  0.000000
shape_offset  0.000000  0.000000
$EndPAD
$EndMODULE  C1

$MODULE "C2"
reference "C2"
value "47uF"
footprint "Capacitor_SMD:C_0805_2012Metric_Pad1.15x1.40mm_HandSolder"
attribut smd
position 128.270000 84.845000  orientation 90.00
layer front
$PAD "1"
Shape Roundrect Layer front
position -1.025000  0.000000  size  1.150000  1.400000  orientation 0.00
drill  0.000000
shape_offset  0.000000  0.000000
$EndPAD
$PAD "2"
Shape Roundrect Layer front
position  1.025000  0.000000  size  1.150000  1.400000  orientation 0.00
drill  0.000000
shape_offset  0.000000  0.000000
$EndPAD
$EndMODULE  C2

$MODULE "C3"
reference "C3"
value "22uF"
footprint "Capacitor_SMD:C_0603_1608Metric_Pad1.05x0.95mm_HandSolder"
attribut smd
position 142.975000 89.375000  orientation 90.00
layer front
$PAD "2"
Shape Roundrect Layer front
position  0.875000  0.000000  size  1.050000  0.950000  orientation 0.00
drill  0.000000
shape_offset  0.000000  0.000000
$EndPAD
$PAD "1"
Shape Roundrect Layer front
position -0.875000  0.000000  size  1.050000  0.950000  orientation 0.00
drill  0.000000
shape_offset  0.000000  0.000000
$EndPAD
$EndMODULE  C3

$MODULE "J1"
reference "J1"
value "Signals ieeja"
footprint "TerminalBlock:TerminalBlock_bornier-2_P5.08mm"
attribut none
position 120.650000 85.090000  orientation 90.00
layer front
$PAD "1"
Shape Rect Layer both
position  0.000000  0.000000  size  3.000000  3.000000  orientation 0.00
drill  1.520000
shape_offset  0.000000  0.000000
$EndPAD
$PAD "2"
Shape Circle Layer both
position  5.080000  0.000000  size  3.000000  3.000000  orientation 0.00
drill  1.520000
shape_offset  0.000000  0.000000
$EndPAD
$EndMODULE  J1

$MODULE "J2"
reference "J2"
value "Signals izeja"
footprint "TerminalBlock:TerminalBlock_bornier-2_P5.08mm"
attribut none
position 152.425000 78.550000  orientation 180.00
layer front
$PAD "2"
Shape Circle Layer both
position  5.080000  0.000000  size  3.000000  3.000000  orientation 0.00
drill  1.520000
shape_offset  0.000000  0.000000
$EndPAD
$PAD "1"
Shape Rect Layer both
position  0.000000  0.000000  size  3.000000  3.000000  orientation 0.00
drill  1.520000
shape_offset  0.000000  0.000000
$EndPAD
$EndMODULE  J2

$MODULE "J3"
reference "J3"
value "12V"
footprint "TerminalBlock:TerminalBlock_bornier-2_P5.08mm"
attribut none
position 152.425000 87.350000  orientation 180.00
layer front
$PAD "1"
Shape Rect Layer both
position  0.000000  0.000000  size  3.000000  3.000000  orientation 0.00
drill  1.520000
shape_offset  0.000000  0.000000
$EndPAD
$PAD "2"
Shape Circle Layer both
position  5.080000  0.000000  size  3.000000  3.000000  orientation 0.00
drill  1.520000
shape_offset  0.000000  0.000000
$EndPAD
$EndMODULE  J3

$MODULE "Q1"
reference "Q1"
value "BC548"
footprint "Package_TO_SOT_THT:TO-92"
attribut none
position 134.620000 80.010000  orientation 0.00
layer front
$PAD "2"
Shape Circle Layer both
position  1.270000 -1.270000  size  1.300000  1.300000  orientation 90.00
drill  0.750000
shape_offset  0.000000  0.000000
$EndPAD
$PAD "3"
Shape Circle Layer both
position  2.540000  0.000000  size  1.300000  1.300000  orientation 90.00
drill  0.750000
shape_offset  0.000000  0.000000
$EndPAD
$PAD "1"
Shape Rect Layer both
position  0.000000  0.000000  size  1.300000  1.300000  orientation 90.00
drill  0.750000
shape_offset  0.000000  0.000000
$EndPAD
$EndMODULE  Q1

$MODULE "Q2"
reference "Q2"
value "BC548"
footprint "Package_TO_SOT_THT:TO-92_Inline"
attribut none
position 137.200000 85.075000  orientation 180.00
layer front
$PAD "2"
Shape Oval Layer both
position  1.270000  0.000000  size  1.050000  1.500000  orientation 0.00
drill  0.750000
shape_offset  0.000000  0.000000
$EndPAD
$PAD "3"
Shape Oval Layer both
position  2.540000  0.000000  size  1.050000  1.500000  orientation 0.00
drill  0.750000
shape_offset  0.000000  0.000000
$EndPAD
$PAD "1"
Shape Rect Layer both
position  0.000000  0.000000  size  1.050000  1.500000  orientation 0.00
drill  0.750000
shape_offset  0.000000  0.000000
$EndPAD
$EndMODULE  Q2

$MODULE "R1"
reference "R1"
value "22K"
footprint "Resistor_SMD:R_0603_1608Metric"
attribut smd
position 143.225000 81.412500  orientation 90.00
layer front
$PAD "1"
Shape Roundrect Layer front
position -0.787500  0.000000  size  0.875000  0.950000  orientation 0.00
drill  0.000000
shape_offset  0.000000  0.000000
$EndPAD
$PAD "2"
Shape Roundrect Layer front
position  0.787500  0.000000  size  0.875000  0.950000  orientation 0.00
drill  0.000000
shape_offset  0.000000  0.000000
$EndPAD
$EndMODULE  R1

$MODULE "R2"
reference "R2"
value "6,8K"
footprint "Resistor_SMD:R_0402_1005Metric"
attribut smd
position 131.300000 83.390000  orientation 270.00
layer front
$PAD "1"
Shape Roundrect Layer front
position -0.485000  0.000000  size  0.590000  0.640000  orientation 0.00
drill  0.000000
shape_offset  0.000000  0.000000
$EndPAD
$PAD "2"
Shape Roundrect Layer front
position  0.485000  0.000000  size  0.590000  0.640000  orientation 0.00
drill  0.000000
shape_offset  0.000000  0.000000
$EndPAD
$EndMODULE  R2

$MODULE "R3"
reference "R3"
value "47K"
footprint "Resistor_SMD:R_0603_1608Metric"
attribut smd
position 141.350000 85.762500  orientation 270.00
layer front
$PAD "2"
Shape Roundrect Layer front
position  0.787500  0.000000  size  0.875000  0.950000  orientation 0.00
drill  0.000000
shape_offset  0.000000  0.000000
$EndPAD
$PAD "1"
Shape Roundrect Layer front
position -0.787500  0.000000  size  0.875000  0.950000  orientation 0.00
drill  0.000000
shape_offset  0.000000  0.000000
$EndPAD
$EndMODULE  R3

$MODULE "R4"
reference "R4"
value "1,8K"
footprint "Resistor_SMD:R_0603_1608Metric"
attribut smd
position 140.425000 81.462500  orientation 270.00
layer front
$PAD "1"
Shape Roundrect Layer front
position -0.787500  0.000000  size  0.875000  0.950000  orientation 0.00
drill  0.000000
shape_offset  0.000000  0.000000
$EndPAD
$PAD "2"
Shape Roundrect Layer front
position  0.787500  0.000000  size  0.875000  0.950000  orientation 0.00
drill  0.000000
shape_offset  0.000000  0.000000
$EndPAD
$EndMODULE  R4

$MODULE "R5"
reference "R5"
value "1K"
footprint "Resistor_SMD:R_0402_1005Metric"
attribut smd
position 131.325000 86.285000  orientation 90.00
layer front
$PAD "1"
Shape Roundrect Layer front
position -0.485000  0.000000  size  0.590000  0.640000  orientation 0.00
drill  0.000000
shape_offset  0.000000  0.000000
$EndPAD
$PAD "2"
Shape Roundrect Layer front
position  0.485000  0.000000  size  0.590000  0.640000  orientation 0.00
drill  0.000000
shape_offset  0.000000  0.000000
$EndPAD
$EndMODULE  R5

$MODULE "R6"
reference "R6"
value "1K"
footprint "Resistor_SMD:R_0402_1005Metric"
attribut smd
position 133.365000 88.800000  orientation 0.00
layer front
$PAD "2"
Shape Roundrect Layer front
position  0.485000  0.000000  size  0.590000  0.640000  orientation 0.00
drill  0.000000
shape_offset  0.000000  0.000000
$EndPAD
$PAD "1"
Shape Roundrect Layer front
position -0.485000  0.000000  size  0.590000  0.640000  orientation 0.00
drill  0.000000
shape_offset  0.000000  0.000000
$EndPAD
$EndMODULE  R6

$EndDESCRIPTION
